<?xml version="1.0" encoding="UTF-8"?>
<testsuite xmlns:xsi="http://www.w3.org/2001/XMLSchema-instance" xsi:noNamespaceSchemaLocation="https://maven.apache.org/surefire/maven-surefire-plugin/xsd/surefire-test-report-3.0.xsd" version="3.0" name="de.exxcellent.challenge.AppTest" time="0.077" tests="2" errors="0" skipped="0" failures="0">
  <properties>
    <property name="java.specification.version" value="17"/>
    <property name="sun.cpu.isalist" value="amd64"/>
    <property name="sun.jnu.encoding" value="Cp1252"/>
    <property name="java.class.path" value="C:\Users\RavellHeerdegen\Documents\IntelliJProjects\programming-challenge\target\test-classes;C:\Users\RavellHeerdegen\Documents\IntelliJProjects\programming-challenge\target\classes;C:\Users\RavellHeerdegen\.m2\repository\org\junit\jupiter\junit-jupiter-engine\5.8.0-M1\junit-jupiter-engine-5.8.0-M1.jar;C:\Users\RavellHeerdegen\.m2\repository\org\apiguardian\apiguardian-api\1.1.1\apiguardian-api-1.1.1.jar;C:\Users\RavellHeerdegen\.m2\repository\org\junit\platform\junit-platform-engine\1.8.0-M1\junit-platform-engine-1.8.0-M1.jar;C:\Users\RavellHeerdegen\.m2\repository\org\opentest4j\opentest4j\1.2.0\opentest4j-1.2.0.jar;C:\Users\RavellHeerdegen\.m2\repository\org\junit\platform\junit-platform-commons\1.8.0-M1\junit-platform-commons-1.8.0-M1.jar;C:\Users\RavellHeerdegen\.m2\repository\org\junit\jupiter\junit-jupiter-api\5.8.0-M1\junit-jupiter-api-5.8.0-M1.jar;C:\Users\RavellHeerdegen\.m2\repository\org\jetbrains\kotlin\kotlin-stdlib-jdk8\1.4.20\kotlin-stdlib-jdk8-1.4.20.jar;C:\Users\RavellHeerdegen\.m2\repository\org\jetbrains\kotlin\kotlin-stdlib\1.4.20\kotlin-stdlib-1.4.20.jar;C:\Users\RavellHeerdegen\.m2\repository\org\jetbrains\kotlin\kotlin-stdlib-common\1.4.20\kotlin-stdlib-common-1.4.20.jar;C:\Users\RavellHeerdegen\.m2\repository\org\jetbrains\annotations\13.0\annotations-13.0.jar;C:\Users\RavellHeerdegen\.m2\repository\org\jetbrains\kotlin\kotlin-stdlib-jdk7\1.4.20\kotlin-stdlib-jdk7-1.4.20.jar;"/>
    <property name="java.vm.vendor" value="Oracle Corporation"/>
    <property name="sun.arch.data.model" value="64"/>
    <property name="user.variant" value=""/>
    <property name="java.vendor.url" value="https://java.oracle.com/"/>
    <property name="user.timezone" value="Europe/Berlin"/>
    <property name="os.name" value="Windows 10"/>
    <property name="java.vm.specification.version" value="17"/>
    <property name="sun.java.launcher" value="SUN_STANDARD"/>
    <property name="user.country" value="DE"/>
    <property name="sun.boot.library.path" value="C:\Program Files\Java\jdk-17\bin"/>
    <property name="sun.java.command" value="C:\Users\RavellHeerdegen\AppData\Local\Temp\surefire16714899523116668055\surefirebooter10718495806756344067.jar C:\Users\RavellHeerdegen\AppData\Local\Temp\surefire16714899523116668055 2021-09-18T13-34-25_292-jvmRun1 surefire6899923271023792742tmp surefire_014679532927906108444tmp"/>
    <property name="jdk.debug" value="release"/>
    <property name="surefire.test.class.path" value="C:\Users\RavellHeerdegen\Documents\IntelliJProjects\programming-challenge\target\test-classes;C:\Users\RavellHeerdegen\Documents\IntelliJProjects\programming-challenge\target\classes;C:\Users\RavellHeerdegen\.m2\repository\org\junit\jupiter\junit-jupiter-engine\5.8.0-M1\junit-jupiter-engine-5.8.0-M1.jar;C:\Users\RavellHeerdegen\.m2\repository\org\apiguardian\apiguardian-api\1.1.1\apiguardian-api-1.1.1.jar;C:\Users\RavellHeerdegen\.m2\repository\org\junit\platform\junit-platform-engine\1.8.0-M1\junit-platform-engine-1.8.0-M1.jar;C:\Users\RavellHeerdegen\.m2\repository\org\opentest4j\opentest4j\1.2.0\opentest4j-1.2.0.jar;C:\Users\RavellHeerdegen\.m2\repository\org\junit\platform\junit-platform-commons\1.8.0-M1\junit-platform-commons-1.8.0-M1.jar;C:\Users\RavellHeerdegen\.m2\repository\org\junit\jupiter\junit-jupiter-api\5.8.0-M1\junit-jupiter-api-5.8.0-M1.jar;C:\Users\RavellHeerdegen\.m2\repository\org\jetbrains\kotlin\kotlin-stdlib-jdk8\1.4.20\kotlin-stdlib-jdk8-1.4.20.jar;C:\Users\RavellHeerdegen\.m2\repository\org\jetbrains\kotlin\kotlin-stdlib\1.4.20\kotlin-stdlib-1.4.20.jar;C:\Users\RavellHeerdegen\.m2\repository\org\jetbrains\kotlin\kotlin-stdlib-common\1.4.20\kotlin-stdlib-common-1.4.20.jar;C:\Users\RavellHeerdegen\.m2\repository\org\jetbrains\annotations\13.0\annotations-13.0.jar;C:\Users\RavellHeerdegen\.m2\repository\org\jetbrains\kotlin\kotlin-stdlib-jdk7\1.4.20\kotlin-stdlib-jdk7-1.4.20.jar;"/>
    <property name="sun.cpu.endian" value="little"/>
    <property name="user.home" value="C:\Users\RavellHeerdegen"/>
    <property name="user.language" value="de"/>
    <property name="java.specification.vendor" value="Oracle Corporation"/>
    <property name="java.version.date" value="2021-09-14"/>
    <property name="java.home" value="C:\Program Files\Java\jdk-17"/>
    <property name="file.separator" value="\"/>
    <property name="basedir" value="C:\Users\RavellHeerdegen\Documents\IntelliJProjects\programming-challenge"/>
    <property name="java.vm.compressedOopsMode" value="32-bit"/>
    <property name="line.separator" value="&#10;"/>
    <property name="java.vm.specification.vendor" value="Oracle Corporation"/>
    <property name="java.specification.name" value="Java Platform API Specification"/>
    <property name="surefire.real.class.path" value="C:\Users\RavellHeerdegen\AppData\Local\Temp\surefire16714899523116668055\surefirebooter10718495806756344067.jar"/>
    <property name="user.script" value=""/>
    <property name="sun.management.compiler" value="HotSpot 64-Bit Tiered Compilers"/>
    <property name="java.runtime.version" value="17+35-LTS-2724"/>
    <property name="user.name" value="RavellHeerdegen"/>
    <property name="path.separator" value=";"/>
    <property name="os.version" value="10.0"/>
    <property name="java.runtime.name" value="Java(TM) SE Runtime Environment"/>
    <property name="file.encoding" value="Cp1252"/>
    <property name="java.vm.name" value="Java HotSpot(TM) 64-Bit Server VM"/>
    <property name="localRepository" value="C:\Users\RavellHeerdegen\.m2\repository"/>
    <property name="java.vendor.url.bug" value="https://bugreport.java.com/bugreport/"/>
    <property name="java.io.tmpdir" value="C:\Users\RAVELL~1\AppData\Local\Temp\"/>
    <property name="java.version" value="17"/>
    <property name="user.dir" value="C:\Users\RavellHeerdegen\Documents\IntelliJProjects\programming-challenge"/>
    <property name="os.arch" value="amd64"/>
    <property name="java.vm.specification.name" value="Java Virtual Machine Specification"/>
    <property name="sun.os.patch.level" value=""/>
    <property name="native.encoding" value="Cp1252"/>
    <property name="java.library.path" value="C:\Program Files\Java\jdk-17\bin;C:\WINDOWS\Sun\Java\bin;C:\WINDOWS\system32;C:\WINDOWS;C:\Program Files\Common Files\Oracle\Java\javapath;C:\Program Files (x86)\VMware\VMware Workstation\bin\;C:\Program Files\NVIDIA GPU Computing Toolkit\CUDA\v10.1\bin;C:\Program Files\NVIDIA GPU Computing Toolkit\CUDA\v10.1\libnvvp;C:\Program Files (x86)\Common Files\Oracle\Java\javapath;C:\Windows\system32;C:\Windows;C:\Windows\System32\Wbem;C:\Windows\System32\WindowsPowerShell\v1.0\;C:\Windows\System32\OpenSSH\;C:\Users\RavellHeerdegen\AppData\Local\Android\Sdk\platform-tools;C:\Program Files\dotnet\;C:\Program Files (x86)\NVIDIA Corporation\PhysX\Common;C:\texlive\2018\bin\win32;C:\Program Files\Cloud Foundry;C:\Program Files\NVIDIA Corporation\NVIDIA NvDLISR;C:\ProgramData\chocolatey\bin;C:\WINDOWS\system32;C:\WINDOWS;C:\WINDOWS\System32\Wbem;C:\WINDOWS\System32\WindowsPowerShell\v1.0\;C:\WINDOWS\System32\OpenSSH\;C:\Program Files\NVIDIA Corporation\Nsight Compute 2019.4.0\;C:\Program Files\nodejs\;C:\Program Files (x86)\GnuWin32\GetGnuWin32\bin;C:\cygwin64\bin;C:\Users\RavellHeerdegen\AppData\Local\Microsoft\WindowsApps;C:\Program Files\Blender Foundation\Blender 2.90\2.90\scripts\modules;C:\WINDOWS\system32;C:\WINDOWS;C:\WINDOWS\System32\Wbem;C:\WINDOWS\System32\WindowsPowerShell\v1.0\;C:\WINDOWS\System32\OpenSSH\;C:\Users\RavellHeerdegen\AppData\Roaming\npm;C:\Users\RavellHeerdegen\AppData\Local\Programs\Python\Python38;C:\tools\flutter-sdk\bin;C:\tools\gradle\gradle-7.1\bin;C:\Program Files\Git\cmd;C:\Program Files\Maven\apache-maven-3.8.2\bin;C:\Program Files\Java\jdk-17\bin;C:\Users\RavellHeerdegen\AppData\Local\Programs\Python\Python38\Scripts\;C:\Users\RavellHeerdegen\AppData\Local\Programs\Python\Python38\;C:\Users\RavellHeerdegen\AppData\Local\Programs\Python\Python38-32\Scripts\;C:\Users\RavellHeerdegen\AppData\Local\Programs\Python\Python38-32\;C:\Users\RavellHeerdegen\AppData\Local\Programs\Python\Python36\Scripts\;C:\Users\RavellHeerdegen\AppData\Local\Programs\Python\Python36\;C:\Users\RavellHeerdegen\AppData\Local\GitHubDesktop\bin;C:\Users\RavellHeerdegen\AppData\Local\Programs\Microsoft VS Code\bin;C:\Users\RavellHeerdegen\AppData\Local\Microsoft\WindowsApps;C:\Program Files (x86)\Nmap;C:\Users\RavellHeerdegen\.dotnet\tools;C:\tools\dart-sdk\bin;C:\Users\RavellHeerdegen\AppData\Roaming\Pub\Cache\bin;;C:\Program Files\JetBrains\IntelliJ IDEA Community Edition 2021.1.3\bin;;."/>
    <property name="java.vm.info" value="mixed mode, sharing"/>
    <property name="java.vendor" value="Oracle Corporation"/>
    <property name="java.vm.version" value="17+35-LTS-2724"/>
    <property name="sun.io.unicode.encoding" value="UnicodeLittle"/>
    <property name="java.class.version" value="61.0"/>
  </properties>
  <testcase name="argsTest" classname="de.exxcellent.challenge.AppTest" time="0.042">
    <system-out><![CDATA[weatherdata.csv
Day with smallest temperature spread : Someday
Team with smallest goal spread       : A good team
]]></system-out>
  </testcase>
  <testcase name="aPointlessTest" classname="de.exxcellent.challenge.AppTest" time="0.007"/>
</testsuite>